01:37:38 INFO  : Launching XSDB server: xsdb.bat -s D:/vivado/2015/SDK/2015.2/scripts/xsdb/xsdb/xsdb-server.tcl
01:37:42 INFO  : Processing command line option -hwspec E:/software/Advanced/Assessment_2_Traffic_Light/es3_hw_assmnt_2/es3_hw_assmnt_2.sdk/top.hdf.
01:37:43 INFO  : XSDB server has started successfully.
01:38:20 INFO  : Connected to target on host '127.0.0.1' and port '3121'.
01:38:20 INFO  : 'targets -set -filter {jtag_cable_name =~ "Digilent Basys3 210183713476A" && level==0} -index 0' command is executed.
01:38:21 INFO  : FPGA configured successfully with bitstream "E:/software/Advanced/Assessment_2_Traffic_Light/es3_hw_assmnt_2/es3_hw_assmnt_2.sdk/top_hw_platform_0/download.bit"
01:43:46 WARN  : Unable to obtain port 2350 for use by XMD, java.net.SocketException: Unrecognized Windows Sockets error: 0: JVM_Bind
01:43:52 INFO  : Processor reset is completed for microblaze_0
01:43:52 ERROR : Port COM3 is already in use.
02:00:26 INFO  : microblaze_0 Processor is in use. Please stop existing Run or Debug sessions before launching.
02:00:29 INFO  : Processor reset is completed for microblaze_0
02:00:29 ERROR : Port COM3 is already in use.
02:00:37 INFO  : microblaze_0 Processor is in use. Please stop existing Run or Debug sessions before launching.
02:00:39 INFO  : Processor reset is completed for microblaze_0
02:00:39 ERROR : Port COM3 is already in use.
02:12:10 ERROR : Unexpected error while parsing XMD response ?: com.google.gson.JsonSyntaxException: com.google.gson.stream.MalformedJsonException: invalid number or unquoted string near 
11:39:53 INFO  : Launching XSDB server: xsdb -n -s /opt/Xilinx/SDK/2015.2/scripts/xsdb/xsdb/xsdb-server.tcl
11:39:54 INFO  : XSDB server has started successfully.
11:39:55 INFO  : Processing command line option -hwspec /home/s1678924/Desktop/software3/Assessment_2_Traffic_Light_Ad1.0/es3_hw_assmnt_2/es3_hw_assmnt_2.sdk/top.hdf.
14:18:51 INFO  : Launching XSDB server: xsdb -n -s /opt/Xilinx/SDK/2015.2/scripts/xsdb/xsdb/xsdb-server.tcl
14:18:54 INFO  : XSDB server has started successfully.
14:18:54 INFO  : Processing command line option -hwspec /home/s1678924/Desktop/software3/Assessment_2_Traffic_Light_Ad1.0/es3_hw_assmnt_2/es3_hw_assmnt_2.sdk/top.hdf.
14:18:56 INFO  : Checking for hwspec changes in the project top_hw_platform_1.
14:19:10 INFO  : Launching XSDB server: xsdb -n -s /opt/Xilinx/SDK/2015.2/scripts/xsdb/xsdb/xsdb-server.tcl
14:19:11 INFO  : XSDB server has started successfully.
14:19:11 INFO  : Processing command line option -hwspec /home/s1678924/Desktop/software3/Assessment_2_Traffic_Light_Ad1.0/es3_hw_assmnt_2/es3_hw_assmnt_2.sdk/top.hdf.
14:19:12 INFO  : Checking for hwspec changes in the project top_hw_platform_1.
14:19:13 INFO  : SDK has detected change in the last modified timestamps for source hardware specification file Source:1479737877000,  Project:1479605820000
14:19:13 INFO  : The hardware specification for project 'top_hw_platform_1' is different from /home/s1678924/Desktop/software3/Assessment_2_Traffic_Light_Ad1.0/es3_hw_assmnt_2/es3_hw_assmnt_2.sdk/top.hdf.
14:19:13 INFO  : Copied contents of /home/s1678924/Desktop/software3/Assessment_2_Traffic_Light_Ad1.0/es3_hw_assmnt_2/es3_hw_assmnt_2.sdk/top.hdf into /top_hw_platform_1/system.hdf.
14:19:13 INFO  : Synchronizing projects in the workspace with the hardware platform specification changes.
14:19:17 INFO  : Clearing existing target manager status.
14:19:19 INFO  : Workspace synchronized with the new hardware specification file. Cleaning dependent projects...
14:19:19 WARN  : Linker script will not be updated automatically. Users need to update it manually.
14:19:45 INFO  : Processor reset is completed for microblaze_0
14:19:45 ERROR : No such port: COM3
14:20:05 INFO  : Connected to target on host '127.0.0.1' and port '3121'.
14:20:05 INFO  : 'targets -set -filter {jtag_cable_name =~ "Digilent Basys3 210183713476A" && level==0} -index 0' command is executed.
14:20:07 INFO  : FPGA configured successfully with bitstream "/home/s1678924/Desktop/software3/Assessment_2_Traffic_Light_Ad1.0/es3_hw_assmnt_2/es3_hw_assmnt_2.sdk/top_hw_platform_0/download.bit"
14:20:17 ERROR : Unexpected error while parsing XMD response ￿: com.google.gson.JsonSyntaxException: com.google.gson.stream.MalformedJsonException: invalid number or unquoted string near 
14:20:33 INFO  : Launching XSDB server: xsdb -n -s /opt/Xilinx/SDK/2015.2/scripts/xsdb/xsdb/xsdb-server.tcl
14:20:34 INFO  : XSDB server has started successfully.
14:20:34 INFO  : Processing command line option -hwspec /home/s1678924/Desktop/software3/Assessment_2_Traffic_Light_Ad1.0/es3_hw_assmnt_2/es3_hw_assmnt_2.sdk/top.hdf.
14:20:35 INFO  : Checking for hwspec changes in the project top_hw_platform_1.
14:20:56 INFO  : Connected to target on host '127.0.0.1' and port '3121'.
14:20:56 INFO  : 'targets -set -filter {jtag_cable_name =~ "Digilent Basys3 210183713476A" && level==0} -index 0' command is executed.
14:20:57 INFO  : FPGA configured successfully with bitstream "/home/s1678924/Desktop/software3/Assessment_2_Traffic_Light_Ad1.0/es3_hw_assmnt_2/es3_hw_assmnt_2.sdk/top_hw_platform_0/download.bit"
14:22:44 INFO  : Processor reset is completed for microblaze_0
14:22:44 ERROR : No such port: COM3
14:23:16 INFO  : microblaze_0 Processor is in use. Please stop existing Run or Debug sessions before launching.
14:23:17 INFO  : Processor reset is completed for microblaze_0
14:23:17 ERROR : No such port: COM3
14:23:25 INFO  : microblaze_0 Processor is in use. Please stop existing Run or Debug sessions before launching.
14:23:26 INFO  : Processor reset is completed for microblaze_0
14:23:26 ERROR : No such port: COM3
14:24:05 INFO  : microblaze_0 Processor is in use. Please stop existing Run or Debug sessions before launching.
14:24:06 INFO  : Processor reset is completed for microblaze_0
14:24:06 ERROR : No such port: COM3
14:24:09 INFO  : microblaze_0 Processor is in use. Please stop existing Run or Debug sessions before launching.
14:24:09 INFO  : Processor reset is completed for microblaze_0
14:24:09 ERROR : No such port: COM3
14:24:29 INFO  : microblaze_0 Processor is in use. Please stop existing Run or Debug sessions before launching.
14:24:30 INFO  : Processor reset is completed for microblaze_0
14:24:30 ERROR : No such port: COM3
14:24:33 INFO  : microblaze_0 Processor is in use. Please stop existing Run or Debug sessions before launching.
14:24:34 INFO  : Processor reset is completed for microblaze_0
14:24:34 ERROR : No such port: COM3
14:24:49 INFO  : microblaze_0 Processor is in use. Please stop existing Run or Debug sessions before launching.
14:24:50 INFO  : Processor reset is completed for microblaze_0
14:24:50 ERROR : No such port: COM3
14:24:56 INFO  : microblaze_0 Processor is in use. Please stop existing Run or Debug sessions before launching.
14:24:57 INFO  : Processor reset is completed for microblaze_0
14:24:57 ERROR : No such port: COM3
15:08:28 INFO  : Processor reset is completed for microblaze_0
15:08:28 ERROR : No such port: COM3
15:08:48 INFO  : microblaze_0 Processor is in use. Please stop existing Run or Debug sessions before launching.
15:08:50 INFO  : Processor reset is completed for microblaze_0
15:08:50 ERROR : No such port: COM3
15:08:52 INFO  : microblaze_0 Processor is in use. Please stop existing Run or Debug sessions before launching.
15:08:53 INFO  : Processor reset is completed for microblaze_0
15:08:54 ERROR : No such port: COM3
15:09:41 INFO  : microblaze_0 Processor is in use. Please stop existing Run or Debug sessions before launching.
15:09:42 INFO  : Processor reset is completed for microblaze_0
15:09:42 ERROR : No such port: COM3
15:09:44 INFO  : microblaze_0 Processor is in use. Please stop existing Run or Debug sessions before launching.
15:09:45 INFO  : Processor reset is completed for microblaze_0
15:09:45 ERROR : No such port: COM3
15:41:55 INFO  : microblaze_0 Processor is in use. Please stop existing Run or Debug sessions before launching.
15:41:56 INFO  : Processor reset is completed for microblaze_0
15:41:56 ERROR : No such port: COM3
15:43:35 INFO  : microblaze_0 Processor is in use. Please stop existing Run or Debug sessions before launching.
15:43:36 INFO  : Processor reset is completed for microblaze_0
15:43:36 ERROR : No such port: COM3
15:43:40 INFO  : microblaze_0 Processor is in use. Please stop existing Run or Debug sessions before launching.
15:43:41 INFO  : Processor reset is completed for microblaze_0
15:43:41 ERROR : No such port: COM3
15:44:02 INFO  : microblaze_0 Processor is in use. Please stop existing Run or Debug sessions before launching.
15:44:03 INFO  : Processor reset is completed for microblaze_0
15:44:03 ERROR : No such port: COM3
15:44:06 INFO  : microblaze_0 Processor is in use. Please stop existing Run or Debug sessions before launching.
15:44:07 INFO  : Processor reset is completed for microblaze_0
15:44:07 ERROR : No such port: COM3
15:44:47 INFO  : microblaze_0 Processor is in use. Please stop existing Run or Debug sessions before launching.
15:44:48 INFO  : Processor reset is completed for microblaze_0
15:44:48 ERROR : No such port: COM3
15:44:52 INFO  : microblaze_0 Processor is in use. Please stop existing Run or Debug sessions before launching.
15:44:53 INFO  : Processor reset is completed for microblaze_0
15:44:53 ERROR : No such port: COM3
15:46:35 INFO  : microblaze_0 Processor is in use. Please stop existing Run or Debug sessions before launching.
15:46:36 INFO  : Processor reset is completed for microblaze_0
15:46:36 ERROR : No such port: COM3
15:46:46 INFO  : Processor reset is completed for microblaze_0
15:46:46 ERROR : No such port: COM3
16:05:55 INFO  : microblaze_0 Processor is in use. Please stop existing Run or Debug sessions before launching.
16:05:56 INFO  : Processor reset is completed for microblaze_0
16:05:56 ERROR : No such port: COM3
16:05:59 INFO  : microblaze_0 Processor is in use. Please stop existing Run or Debug sessions before launching.
16:06:00 INFO  : Processor reset is completed for microblaze_0
16:06:00 ERROR : No such port: COM3
16:06:05 INFO  : microblaze_0 Processor is in use. Please stop existing Run or Debug sessions before launching.
16:06:06 INFO  : Processor reset is completed for microblaze_0
16:06:06 ERROR : No such port: COM3
16:29:35 INFO  : Processor reset is completed for microblaze_0
16:29:35 ERROR : No such port: COM3
16:54:40 INFO  : Processor reset is completed for microblaze_0
16:54:40 ERROR : No such port: COM3
17:03:04 INFO  : microblaze_0 Processor is in use. Please stop existing Run or Debug sessions before launching.
17:03:05 INFO  : Processor reset is completed for microblaze_0
17:03:05 ERROR : No such port: COM3
17:03:07 INFO  : microblaze_0 Processor is in use. Please stop existing Run or Debug sessions before launching.
17:03:08 INFO  : Processor reset is completed for microblaze_0
17:03:08 ERROR : No such port: COM3
17:06:27 INFO  : microblaze_0 Processor is in use. Please stop existing Run or Debug sessions before launching.
17:06:28 INFO  : Processor reset is completed for microblaze_0
17:06:28 ERROR : No such port: COM3
17:06:45 INFO  : microblaze_0 Processor is in use. Please stop existing Run or Debug sessions before launching.
17:06:46 INFO  : Processor reset is completed for microblaze_0
17:06:46 ERROR : No such port: COM3
17:06:49 INFO  : microblaze_0 Processor is in use. Please stop existing Run or Debug sessions before launching.
17:06:50 INFO  : Processor reset is completed for microblaze_0
17:06:50 ERROR : No such port: COM3
17:07:19 INFO  : microblaze_0 Processor is in use. Please stop existing Run or Debug sessions before launching.
17:07:21 INFO  : Processor reset is completed for microblaze_0
17:07:21 ERROR : No such port: COM3
17:07:30 INFO  : microblaze_0 Processor is in use. Please stop existing Run or Debug sessions before launching.
17:07:31 INFO  : Processor reset is completed for microblaze_0
17:07:31 ERROR : No such port: COM3
17:07:33 INFO  : microblaze_0 Processor is in use. Please stop existing Run or Debug sessions before launching.
17:07:34 INFO  : Processor reset is completed for microblaze_0
17:07:34 ERROR : No such port: COM3
17:07:53 INFO  : microblaze_0 Processor is in use. Please stop existing Run or Debug sessions before launching.
17:07:54 INFO  : Processor reset is completed for microblaze_0
17:07:54 ERROR : No such port: COM3
17:07:56 INFO  : microblaze_0 Processor is in use. Please stop existing Run or Debug sessions before launching.
17:07:57 INFO  : Processor reset is completed for microblaze_0
17:07:57 ERROR : No such port: COM3
17:08:09 INFO  : microblaze_0 Processor is in use. Please stop existing Run or Debug sessions before launching.
17:08:10 INFO  : Processor reset is completed for microblaze_0
17:08:10 ERROR : No such port: COM3
17:08:14 INFO  : microblaze_0 Processor is in use. Please stop existing Run or Debug sessions before launching.
17:08:15 INFO  : Processor reset is completed for microblaze_0
17:08:15 ERROR : No such port: COM3
17:08:18 INFO  : microblaze_0 Processor is in use. Please stop existing Run or Debug sessions before launching.
17:08:19 INFO  : Processor reset is completed for microblaze_0
17:08:19 ERROR : No such port: COM3
17:08:33 INFO  : microblaze_0 Processor is in use. Please stop existing Run or Debug sessions before launching.
17:08:34 INFO  : Processor reset is completed for microblaze_0
17:08:34 ERROR : No such port: COM3
17:08:38 INFO  : microblaze_0 Processor is in use. Please stop existing Run or Debug sessions before launching.
17:08:38 INFO  : Processor reset is completed for microblaze_0
17:08:38 ERROR : No such port: COM3
17:10:57 INFO  : microblaze_0 Processor is in use. Please stop existing Run or Debug sessions before launching.
17:10:58 INFO  : Processor reset is completed for microblaze_0
17:10:58 ERROR : No such port: COM3
17:33:50 INFO  : microblaze_0 Processor is in use. Please stop existing Run or Debug sessions before launching.
17:33:51 INFO  : Processor reset is completed for microblaze_0
17:33:51 ERROR : No such port: COM3
17:43:21 ERROR : Unexpected error while parsing XMD response ￿: com.google.gson.JsonSyntaxException: com.google.gson.stream.MalformedJsonException: invalid number or unquoted string near 
10:34:21 INFO  : Launching XSDB server: xsdb -n -s /opt/Xilinx/SDK/2015.2/scripts/xsdb/xsdb/xsdb-server.tcl
10:34:22 INFO  : XSDB server has started successfully.
10:34:23 INFO  : Processing command line option -hwspec /home/s1678924/Desktop/software3/Assessment_2_Traffic_Light_Ad2.0/es3_hw_assmnt_2/es3_hw_assmnt_2.sdk/top.hdf.
10:34:49 INFO  : Processor reset is completed for microblaze_0
10:34:49 ERROR : No such port: COM3
10:35:54 INFO  : microblaze_0 Processor is in use. Please stop existing Run or Debug sessions before launching.
10:35:56 INFO  : Processor reset is completed for microblaze_0
10:35:56 ERROR : No such port: COM3
10:36:10 INFO  : microblaze_0 Processor is in use. Please stop existing Run or Debug sessions before launching.
10:36:12 INFO  : Processor reset is completed for microblaze_0
10:36:12 ERROR : No such port: COM3
11:13:21 INFO  : Processor reset is completed for microblaze_0
11:13:21 ERROR : No such port: COM3
11:37:18 INFO  : microblaze_0 Processor is in use. Please stop existing Run or Debug sessions before launching.
11:37:19 INFO  : Processor reset is completed for microblaze_0
11:37:19 ERROR : No such port: COM3
11:43:56 INFO  : microblaze_0 Processor is in use. Please stop existing Run or Debug sessions before launching.
11:43:57 INFO  : Processor reset is completed for microblaze_0
11:43:57 ERROR : No such port: COM3
11:48:16 INFO  : microblaze_0 Processor is in use. Please stop existing Run or Debug sessions before launching.
11:48:17 INFO  : Processor reset is completed for microblaze_0
11:48:17 ERROR : No such port: COM3
11:52:03 INFO  : microblaze_0 Processor is in use. Please stop existing Run or Debug sessions before launching.
11:52:04 INFO  : Processor reset is completed for microblaze_0
11:52:04 ERROR : No such port: COM3
11:53:31 INFO  : microblaze_0 Processor is in use. Please stop existing Run or Debug sessions before launching.
11:53:31 INFO  : Processor reset is completed for microblaze_0
11:53:31 ERROR : No such port: COM3
11:54:22 INFO  : Processor reset is completed for microblaze_0
11:54:22 ERROR : No such port: COM3
16:34:50 INFO  : Launching XSDB server: xsdb -n -s /opt/Xilinx/SDK/2015.2/scripts/xsdb/xsdb/xsdb-server.tcl
16:34:52 INFO  : XSDB server has started successfully.
16:34:53 INFO  : Processing command line option -hwspec /home/s1678924/Desktop/software3/Assessment_2_Traffic_Light_Ad2.0/es3_hw_assmnt_2/es3_hw_assmnt_2.sdk/top.hdf.
16:34:54 INFO  : Checking for hwspec changes in the project top_hw_platform_2.
16:34:54 INFO  : SDK has detected change in the last modified timestamps for source hardware specification file Source:1479815597000,  Project:1479737877000
16:34:54 INFO  : The hardware specification for project 'top_hw_platform_2' is different from /home/s1678924/Desktop/software3/Assessment_2_Traffic_Light_Ad2.0/es3_hw_assmnt_2/es3_hw_assmnt_2.sdk/top.hdf.
16:34:54 INFO  : Copied contents of /home/s1678924/Desktop/software3/Assessment_2_Traffic_Light_Ad2.0/es3_hw_assmnt_2/es3_hw_assmnt_2.sdk/top.hdf into /top_hw_platform_2/system.hdf.
16:34:55 INFO  : Synchronizing projects in the workspace with the hardware platform specification changes.
16:34:55 INFO  : Clearing existing target manager status.
16:35:04 INFO  : Workspace synchronized with the new hardware specification file. Cleaning dependent projects...
16:35:04 WARN  : Linker script will not be updated automatically. Users need to update it manually.
16:35:07 INFO  : Processor reset is completed for microblaze_0
16:35:07 ERROR : No such port: COM3
17:05:39 INFO  : microblaze_0 Processor is in use. Please stop existing Run or Debug sessions before launching.
17:05:40 INFO  : Processor reset is completed for microblaze_0
17:05:40 ERROR : No such port: COM3
17:13:13 INFO  : microblaze_0 Processor is in use. Please stop existing Run or Debug sessions before launching.
17:13:15 INFO  : Processor reset is completed for microblaze_0
17:13:15 ERROR : No such port: COM3
17:36:12 INFO  : microblaze_0 Processor is in use. Please stop existing Run or Debug sessions before launching.
17:36:13 INFO  : Processor reset is completed for microblaze_0
17:36:13 ERROR : No such port: COM3
17:47:11 INFO  : microblaze_0 Processor is in use. Please stop existing Run or Debug sessions before launching.
17:47:12 INFO  : Processor reset is completed for microblaze_0
17:47:12 ERROR : No such port: COM3
17:47:15 INFO  : microblaze_0 Processor is in use. Please stop existing Run or Debug sessions before launching.
17:47:16 INFO  : Processor reset is completed for microblaze_0
17:47:16 ERROR : No such port: COM3
17:47:42 INFO  : microblaze_0 Processor is in use. Please stop existing Run or Debug sessions before launching.
17:47:43 INFO  : Processor reset is completed for microblaze_0
17:47:43 ERROR : No such port: COM3
17:47:47 INFO  : microblaze_0 Processor is in use. Please stop existing Run or Debug sessions before launching.
17:47:48 INFO  : Processor reset is completed for microblaze_0
17:47:48 ERROR : No such port: COM3
17:48:21 INFO  : microblaze_0 Processor is in use. Please stop existing Run or Debug sessions before launching.
17:48:22 INFO  : Processor reset is completed for microblaze_0
17:48:22 ERROR : No such port: COM3
17:48:25 INFO  : microblaze_0 Processor is in use. Please stop existing Run or Debug sessions before launching.
17:48:26 INFO  : Processor reset is completed for microblaze_0
17:48:26 ERROR : No such port: COM3
17:50:33 ERROR : Unexpected error while parsing XMD response ￿: com.google.gson.JsonSyntaxException: com.google.gson.stream.MalformedJsonException: invalid number or unquoted string near 
13:29:32 INFO  : Launching XSDB server: xsdb -n -s /opt/Xilinx/SDK/2015.2/scripts/xsdb/xsdb/xsdb-server.tcl
13:29:34 INFO  : XSDB server has started successfully.
13:29:35 INFO  : Processing command line option -hwspec /home/s1678924/Desktop/software3/Assessment_2_Traffic_Light_Ad3.0/es3_hw_assmnt_2/es3_hw_assmnt_2.sdk/top.hdf.
13:30:41 INFO  : Processor reset is completed for microblaze_0
13:30:41 ERROR : No such port: COM3
13:47:36 INFO  : Processor reset is completed for microblaze_0
13:47:36 ERROR : No such port: COM3
13:50:20 INFO  : Processor reset is completed for microblaze_0
13:50:20 ERROR : No such port: COM3
13:56:30 INFO  : Processor reset is completed for microblaze_0
13:56:30 ERROR : No such port: COM3
13:57:01 INFO  : microblaze_0 Processor is in use. Please stop existing Run or Debug sessions before launching.
13:57:02 INFO  : Processor reset is completed for microblaze_0
13:57:02 ERROR : No such port: COM3
13:57:08 INFO  : microblaze_0 Processor is in use. Please stop existing Run or Debug sessions before launching.
13:57:09 INFO  : Processor reset is completed for microblaze_0
13:57:09 ERROR : No such port: COM3
14:04:17 INFO  : Processor reset is completed for microblaze_0
14:04:17 ERROR : No such port: COM3
14:06:15 INFO  : Processor reset is completed for microblaze_0
14:06:15 ERROR : No such port: COM3
14:06:49 INFO  : microblaze_0 Processor is in use. Please stop existing Run or Debug sessions before launching.
14:06:50 INFO  : Processor reset is completed for microblaze_0
14:06:50 ERROR : No such port: COM3
14:06:54 INFO  : microblaze_0 Processor is in use. Please stop existing Run or Debug sessions before launching.
14:06:55 INFO  : Processor reset is completed for microblaze_0
14:06:55 ERROR : No such port: COM3
14:13:04 INFO  : microblaze_0 Processor is in use. Please stop existing Run or Debug sessions before launching.
14:13:05 INFO  : Processor reset is completed for microblaze_0
14:13:05 ERROR : No such port: COM3
14:13:30 INFO  : microblaze_0 Processor is in use. Please stop existing Run or Debug sessions before launching.
14:13:31 INFO  : Processor reset is completed for microblaze_0
14:13:31 ERROR : No such port: COM3
14:13:37 INFO  : microblaze_0 Processor is in use. Please stop existing Run or Debug sessions before launching.
14:13:38 INFO  : Processor reset is completed for microblaze_0
14:13:38 ERROR : No such port: COM3
14:14:08 INFO  : microblaze_0 Processor is in use. Please stop existing Run or Debug sessions before launching.
14:14:09 INFO  : Processor reset is completed for microblaze_0
14:14:09 ERROR : No such port: COM3
14:17:12 INFO  : microblaze_0 Processor is in use. Please stop existing Run or Debug sessions before launching.
14:17:13 INFO  : Processor reset is completed for microblaze_0
14:17:13 ERROR : No such port: COM3
14:19:02 INFO  : microblaze_0 Processor is in use. Please stop existing Run or Debug sessions before launching.
14:19:03 INFO  : Processor reset is completed for microblaze_0
14:19:03 ERROR : No such port: COM3
14:19:08 INFO  : microblaze_0 Processor is in use. Please stop existing Run or Debug sessions before launching.
14:19:09 INFO  : Processor reset is completed for microblaze_0
14:19:09 ERROR : No such port: COM3
14:20:09 INFO  : microblaze_0 Processor is in use. Please stop existing Run or Debug sessions before launching.
14:20:11 INFO  : Processor reset is completed for microblaze_0
14:20:11 ERROR : No such port: COM3
14:20:15 INFO  : microblaze_0 Processor is in use. Please stop existing Run or Debug sessions before launching.
14:20:17 INFO  : Processor reset is completed for microblaze_0
14:20:17 ERROR : No such port: COM3
14:21:16 INFO  : microblaze_0 Processor is in use. Please stop existing Run or Debug sessions before launching.
14:21:17 INFO  : Processor reset is completed for microblaze_0
14:21:17 ERROR : No such port: COM3
14:21:23 INFO  : microblaze_0 Processor is in use. Please stop existing Run or Debug sessions before launching.
14:21:25 INFO  : Processor reset is completed for microblaze_0
14:21:25 ERROR : No such port: COM3
14:36:35 INFO  : Processor reset is completed for microblaze_0
14:36:35 ERROR : No such port: COM3
14:39:48 INFO  : microblaze_0 Processor is in use. Please stop existing Run or Debug sessions before launching.
14:39:50 INFO  : Processor reset is completed for microblaze_0
14:39:50 ERROR : No such port: COM3
14:41:35 INFO  : microblaze_0 Processor is in use. Please stop existing Run or Debug sessions before launching.
14:41:36 INFO  : Processor reset is completed for microblaze_0
14:41:36 ERROR : No such port: COM3
14:44:33 INFO  : Processor reset is completed for microblaze_0
14:44:33 ERROR : No such port: COM3
14:45:38 INFO  : microblaze_0 Processor is in use. Please stop existing Run or Debug sessions before launching.
14:45:39 INFO  : Processor reset is completed for microblaze_0
14:45:39 ERROR : No such port: COM3
14:45:54 INFO  : microblaze_0 Processor is in use. Please stop existing Run or Debug sessions before launching.
14:45:55 INFO  : Processor reset is completed for microblaze_0
14:45:55 ERROR : No such port: COM3
14:45:58 INFO  : microblaze_0 Processor is in use. Please stop existing Run or Debug sessions before launching.
14:45:59 INFO  : Processor reset is completed for microblaze_0
14:45:59 ERROR : No such port: COM3
14:46:49 INFO  : microblaze_0 Processor is in use. Please stop existing Run or Debug sessions before launching.
14:46:50 INFO  : Processor reset is completed for microblaze_0
14:46:50 ERROR : No such port: COM3
14:47:21 INFO  : microblaze_0 Processor is in use. Please stop existing Run or Debug sessions before launching.
14:47:22 INFO  : Processor reset is completed for microblaze_0
14:47:22 ERROR : No such port: COM3
14:47:24 INFO  : microblaze_0 Processor is in use. Please stop existing Run or Debug sessions before launching.
14:47:26 INFO  : Processor reset is completed for microblaze_0
14:47:26 ERROR : No such port: COM3
15:19:53 INFO  : Processor reset is completed for microblaze_0
15:19:53 ERROR : No such port: COM3
15:20:21 INFO  : microblaze_0 Processor is in use. Please stop existing Run or Debug sessions before launching.
15:20:22 INFO  : Processor reset is completed for microblaze_0
15:20:22 ERROR : No such port: COM3
15:21:52 INFO  : microblaze_0 Processor is in use. Please stop existing Run or Debug sessions before launching.
15:21:53 INFO  : Processor reset is completed for microblaze_0
15:21:53 ERROR : No such port: COM3
15:21:56 INFO  : microblaze_0 Processor is in use. Please stop existing Run or Debug sessions before launching.
15:21:57 INFO  : Processor reset is completed for microblaze_0
15:21:57 ERROR : No such port: COM3
15:22:12 INFO  : Processor reset is completed for microblaze_0
15:22:12 ERROR : No such port: COM3
15:22:50 INFO  : microblaze_0 Processor is in use. Please stop existing Run or Debug sessions before launching.
15:22:51 INFO  : Processor reset is completed for microblaze_0
15:22:51 ERROR : No such port: COM3
15:23:10 INFO  : microblaze_0 Processor is in use. Please stop existing Run or Debug sessions before launching.
15:23:12 INFO  : Processor reset is completed for microblaze_0
15:23:12 ERROR : No such port: COM3
15:23:15 INFO  : microblaze_0 Processor is in use. Please stop existing Run or Debug sessions before launching.
15:23:16 INFO  : Processor reset is completed for microblaze_0
15:23:16 ERROR : No such port: COM3
15:52:48 INFO  : Processor reset is completed for microblaze_0
15:52:48 ERROR : No such port: COM3
15:54:50 INFO  : Processor reset is completed for microblaze_0
15:54:50 ERROR : No such port: COM3
15:56:58 INFO  : Processor reset is completed for microblaze_0
15:56:58 ERROR : No such port: COM3
16:26:20 INFO  : Processor reset is completed for microblaze_0
16:26:20 ERROR : No such port: COM3
16:29:22 INFO  : Processor reset is completed for microblaze_0
16:29:22 ERROR : No such port: COM3
16:30:42 INFO  : Processor reset is completed for microblaze_0
16:30:42 ERROR : No such port: COM3
16:31:17 INFO  : microblaze_0 Processor is in use. Please stop existing Run or Debug sessions before launching.
16:31:18 INFO  : Processor reset is completed for microblaze_0
16:31:18 ERROR : No such port: COM3
16:31:23 INFO  : microblaze_0 Processor is in use. Please stop existing Run or Debug sessions before launching.
16:31:24 INFO  : Processor reset is completed for microblaze_0
16:31:24 ERROR : No such port: COM3
16:32:46 INFO  : microblaze_0 Processor is in use. Please stop existing Run or Debug sessions before launching.
16:32:47 INFO  : Processor reset is completed for microblaze_0
16:32:47 ERROR : No such port: COM3
16:32:49 INFO  : microblaze_0 Processor is in use. Please stop existing Run or Debug sessions before launching.
16:32:50 INFO  : Processor reset is completed for microblaze_0
16:32:50 ERROR : No such port: COM3
16:33:04 INFO  : microblaze_0 Processor is in use. Please stop existing Run or Debug sessions before launching.
16:33:05 INFO  : Processor reset is completed for microblaze_0
16:33:05 ERROR : No such port: COM3
16:33:10 INFO  : microblaze_0 Processor is in use. Please stop existing Run or Debug sessions before launching.
16:33:11 INFO  : Processor reset is completed for microblaze_0
16:33:11 ERROR : No such port: COM3
16:34:54 INFO  : Processor reset is completed for microblaze_0
16:34:54 ERROR : No such port: COM3
16:36:21 INFO  : microblaze_0 Processor is in use. Please stop existing Run or Debug sessions before launching.
16:36:21 INFO  : Processor reset is completed for microblaze_0
16:36:21 ERROR : No such port: COM3
16:36:24 INFO  : microblaze_0 Processor is in use. Please stop existing Run or Debug sessions before launching.
16:36:25 INFO  : Processor reset is completed for microblaze_0
16:36:25 ERROR : No such port: COM3
16:36:53 INFO  : microblaze_0 Processor is in use. Please stop existing Run or Debug sessions before launching.
16:36:54 INFO  : Processor reset is completed for microblaze_0
16:36:54 ERROR : No such port: COM3
16:37:10 INFO  : microblaze_0 Processor is in use. Please stop existing Run or Debug sessions before launching.
16:37:11 INFO  : Processor reset is completed for microblaze_0
16:37:11 ERROR : No such port: COM3
16:42:49 INFO  : Processor reset is completed for microblaze_0
16:42:49 ERROR : No such port: COM3
16:44:38 INFO  : Processor reset is completed for microblaze_0
16:44:38 ERROR : No such port: COM3
16:44:56 INFO  : Processor reset is completed for microblaze_0
16:44:56 ERROR : No such port: COM3
16:45:12 INFO  : microblaze_0 Processor is in use. Please stop existing Run or Debug sessions before launching.
16:45:13 INFO  : Processor reset is completed for microblaze_0
16:45:13 ERROR : No such port: COM3
16:46:01 INFO  : microblaze_0 Processor is in use. Please stop existing Run or Debug sessions before launching.
16:46:02 INFO  : Processor reset is completed for microblaze_0
16:46:02 ERROR : No such port: COM3
16:46:06 INFO  : microblaze_0 Processor is in use. Please stop existing Run or Debug sessions before launching.
16:46:07 INFO  : Processor reset is completed for microblaze_0
16:46:07 ERROR : No such port: COM3
16:46:54 INFO  : microblaze_0 Processor is in use. Please stop existing Run or Debug sessions before launching.
16:46:55 INFO  : Processor reset is completed for microblaze_0
16:46:55 ERROR : No such port: COM3
16:47:42 INFO  : microblaze_0 Processor is in use. Please stop existing Run or Debug sessions before launching.
16:47:42 INFO  : Processor reset is completed for microblaze_0
16:47:42 ERROR : No such port: COM3
16:47:45 INFO  : microblaze_0 Processor is in use. Please stop existing Run or Debug sessions before launching.
16:47:46 INFO  : Processor reset is completed for microblaze_0
16:47:46 ERROR : No such port: COM3
16:54:10 INFO  : microblaze_0 Processor is in use. Please stop existing Run or Debug sessions before launching.
16:54:11 INFO  : Processor reset is completed for microblaze_0
16:54:11 ERROR : No such port: COM3
16:54:59 INFO  : microblaze_0 Processor is in use. Please stop existing Run or Debug sessions before launching.
16:55:00 INFO  : Processor reset is completed for microblaze_0
16:55:00 ERROR : No such port: COM3
16:55:03 INFO  : microblaze_0 Processor is in use. Please stop existing Run or Debug sessions before launching.
16:55:03 INFO  : Processor reset is completed for microblaze_0
16:55:03 ERROR : No such port: COM3
16:56:16 INFO  : microblaze_0 Processor is in use. Please stop existing Run or Debug sessions before launching.
16:56:18 INFO  : Processor reset is completed for microblaze_0
16:56:18 ERROR : No such port: COM3
16:56:20 INFO  : microblaze_0 Processor is in use. Please stop existing Run or Debug sessions before launching.
16:56:21 INFO  : Processor reset is completed for microblaze_0
16:56:21 ERROR : No such port: COM3
16:56:47 INFO  : microblaze_0 Processor is in use. Please stop existing Run or Debug sessions before launching.
16:56:48 INFO  : Processor reset is completed for microblaze_0
16:56:48 ERROR : No such port: COM3
17:01:12 INFO  : microblaze_0 Processor is in use. Please stop existing Run or Debug sessions before launching.
17:01:13 INFO  : Processor reset is completed for microblaze_0
17:01:13 ERROR : No such port: COM3
17:01:40 INFO  : microblaze_0 Processor is in use. Please stop existing Run or Debug sessions before launching.
17:01:45 INFO  : Processor reset is completed for microblaze_0
17:01:45 ERROR : No such port: COM3
17:01:59 INFO  : microblaze_0 Processor is in use. Please stop existing Run or Debug sessions before launching.
17:02:00 INFO  : Processor reset is completed for microblaze_0
17:02:00 ERROR : No such port: COM3
17:02:02 INFO  : microblaze_0 Processor is in use. Please stop existing Run or Debug sessions before launching.
17:02:04 INFO  : Processor reset is completed for microblaze_0
17:02:04 ERROR : No such port: COM3
17:04:05 INFO  : Processor reset is completed for microblaze_0
17:04:05 ERROR : No such port: COM3
17:04:08 INFO  : microblaze_0 Processor is in use. Please stop existing Run or Debug sessions before launching.
17:04:09 INFO  : Processor reset is completed for microblaze_0
17:04:09 ERROR : No such port: COM3
17:07:33 INFO  : Processor reset is completed for microblaze_0
17:07:33 ERROR : No such port: COM3
17:07:35 INFO  : microblaze_0 Processor is in use. Please stop existing Run or Debug sessions before launching.
17:07:36 INFO  : Processor reset is completed for microblaze_0
17:07:36 ERROR : No such port: COM3
17:08:12 INFO  : microblaze_0 Processor is in use. Please stop existing Run or Debug sessions before launching.
17:08:13 INFO  : Processor reset is completed for microblaze_0
17:08:13 ERROR : No such port: COM3
17:09:27 INFO  : microblaze_0 Processor is in use. Please stop existing Run or Debug sessions before launching.
17:09:28 INFO  : Processor reset is completed for microblaze_0
17:09:28 ERROR : No such port: COM3
17:09:31 INFO  : microblaze_0 Processor is in use. Please stop existing Run or Debug sessions before launching.
17:09:32 INFO  : Processor reset is completed for microblaze_0
17:09:32 ERROR : No such port: COM3
17:09:53 INFO  : Processor reset is completed for microblaze_0
17:09:53 ERROR : No such port: COM3
17:10:52 INFO  : microblaze_0 Processor is in use. Please stop existing Run or Debug sessions before launching.
17:10:53 INFO  : Processor reset is completed for microblaze_0
17:10:53 ERROR : No such port: COM3
17:10:55 INFO  : microblaze_0 Processor is in use. Please stop existing Run or Debug sessions before launching.
17:10:56 INFO  : Processor reset is completed for microblaze_0
17:10:56 ERROR : No such port: COM3
17:11:34 INFO  : microblaze_0 Processor is in use. Please stop existing Run or Debug sessions before launching.
17:11:35 INFO  : Processor reset is completed for microblaze_0
17:11:35 ERROR : No such port: COM3
17:11:38 INFO  : microblaze_0 Processor is in use. Please stop existing Run or Debug sessions before launching.
17:11:38 INFO  : Processor reset is completed for microblaze_0
17:11:38 ERROR : No such port: COM3
17:13:22 INFO  : microblaze_0 Processor is in use. Please stop existing Run or Debug sessions before launching.
17:13:23 INFO  : Processor reset is completed for microblaze_0
17:13:23 ERROR : No such port: COM3
17:13:25 INFO  : microblaze_0 Processor is in use. Please stop existing Run or Debug sessions before launching.
17:13:26 INFO  : Processor reset is completed for microblaze_0
17:13:26 ERROR : No such port: COM3
17:14:49 INFO  : microblaze_0 Processor is in use. Please stop existing Run or Debug sessions before launching.
17:14:50 INFO  : Processor reset is completed for microblaze_0
17:14:50 ERROR : No such port: COM3
17:15:21 INFO  : microblaze_0 Processor is in use. Please stop existing Run or Debug sessions before launching.
17:15:22 INFO  : Processor reset is completed for microblaze_0
17:15:22 ERROR : No such port: COM3
17:15:26 INFO  : microblaze_0 Processor is in use. Please stop existing Run or Debug sessions before launching.
17:15:27 INFO  : Processor reset is completed for microblaze_0
17:15:27 ERROR : No such port: COM3
17:17:18 INFO  : Processor reset is completed for microblaze_0
17:17:18 ERROR : No such port: COM3
17:18:03 INFO  : microblaze_0 Processor is in use. Please stop existing Run or Debug sessions before launching.
17:18:04 INFO  : Processor reset is completed for microblaze_0
17:18:04 ERROR : No such port: COM3
17:18:06 INFO  : microblaze_0 Processor is in use. Please stop existing Run or Debug sessions before launching.
17:18:07 INFO  : Processor reset is completed for microblaze_0
17:18:07 ERROR : No such port: COM3
17:18:58 INFO  : microblaze_0 Processor is in use. Please stop existing Run or Debug sessions before launching.
17:18:58 INFO  : Processor reset is completed for microblaze_0
17:18:58 ERROR : No such port: COM3
17:19:01 INFO  : microblaze_0 Processor is in use. Please stop existing Run or Debug sessions before launching.
17:19:02 INFO  : Processor reset is completed for microblaze_0
17:19:02 ERROR : No such port: COM3
17:33:25 INFO  : Processor reset is completed for microblaze_0
17:33:25 ERROR : No such port: COM3
17:33:58 INFO  : microblaze_0 Processor is in use. Please stop existing Run or Debug sessions before launching.
17:33:59 INFO  : Processor reset is completed for microblaze_0
17:33:59 ERROR : No such port: COM3
17:34:01 INFO  : microblaze_0 Processor is in use. Please stop existing Run or Debug sessions before launching.
17:34:02 INFO  : Processor reset is completed for microblaze_0
17:34:02 ERROR : No such port: COM3
17:34:21 INFO  : microblaze_0 Processor is in use. Please stop existing Run or Debug sessions before launching.
17:34:22 INFO  : Processor reset is completed for microblaze_0
17:34:22 ERROR : No such port: COM3
17:34:24 INFO  : microblaze_0 Processor is in use. Please stop existing Run or Debug sessions before launching.
17:34:25 INFO  : Processor reset is completed for microblaze_0
17:34:25 ERROR : No such port: COM3
17:37:00 INFO  : microblaze_0 Processor is in use. Please stop existing Run or Debug sessions before launching.
17:37:01 INFO  : Processor reset is completed for microblaze_0
17:37:01 ERROR : No such port: COM3
17:37:48 INFO  : Processor reset is completed for microblaze_0
17:37:48 ERROR : No such port: COM3
17:37:52 INFO  : microblaze_0 Processor is in use. Please stop existing Run or Debug sessions before launching.
17:37:53 INFO  : Processor reset is completed for microblaze_0
17:37:53 ERROR : No such port: COM3
17:38:55 ERROR : Unexpected error while parsing XMD response ￿: com.google.gson.JsonSyntaxException: com.google.gson.stream.MalformedJsonException: invalid number or unquoted string near 
21:14:40 INFO  : Launching XSDB server: xsdb.bat -s D:/vivado/2015/SDK/2015.2/scripts/xsdb/xsdb/xsdb-server.tcl
21:14:48 INFO  : Processing command line option -hwspec E:/software/Assessment_2_Traffic_Light_Ad4.0/es3_hw_assmnt_2/es3_hw_assmnt_2.sdk/top.hdf.
21:14:51 INFO  : XSDB server has started successfully.
12:34:47 INFO  : Launching XSDB server: xsdb -n -s /opt/Xilinx/SDK/2015.2/scripts/xsdb/xsdb/xsdb-server.tcl
12:34:50 INFO  : XSDB server has started successfully.
12:34:50 INFO  : Processing command line option -hwspec /home/s1678924/Desktop/software3/Assessment_2_Traffic_Light_Ad5.0/es3_hw_assmnt_2/es3_hw_assmnt_2.sdk/top.hdf.
12:35:46 INFO  : Connected to target on host '127.0.0.1' and port '3121'.
12:35:46 INFO  : 'targets -set -filter {jtag_cable_name =~ "Digilent Basys3 210183713476A" && level==0} -index 0' command is executed.
12:35:48 INFO  : FPGA configured successfully with bitstream "/home/s1678924/Desktop/software3/Assessment_2_Traffic_Light_Ad5.0/es3_hw_assmnt_2/es3_hw_assmnt_2.sdk/top_hw_platform_0/download.bit"
12:35:52 INFO  : Processor reset is completed for microblaze_0
12:35:53 ERROR : No such port: COM3
12:36:08 INFO  : microblaze_0 Processor is in use. Please stop existing Run or Debug sessions before launching.
12:36:13 INFO  : microblaze_0 Processor is in use. Please stop existing Run or Debug sessions before launching.
12:36:14 INFO  : Processor reset is completed for microblaze_0
12:36:14 ERROR : No such port: COM3
12:39:01 INFO  : Processor reset is completed for microblaze_0
12:39:01 ERROR : No such port: COM3
13:01:23 INFO  : Processor reset is completed for microblaze_0
13:01:23 ERROR : No such port: COM3
14:11:16 INFO  : Processor reset is completed for microblaze_0
14:11:16 ERROR : No such port: COM3
14:14:28 INFO  : microblaze_0 Processor is in use. Please stop existing Run or Debug sessions before launching.
14:14:29 INFO  : Processor reset is completed for microblaze_0
14:14:29 ERROR : No such port: COM3
14:15:01 INFO  : microblaze_0 Processor is in use. Please stop existing Run or Debug sessions before launching.
14:15:03 INFO  : Processor reset is completed for microblaze_0
14:15:03 ERROR : No such port: COM3
14:15:40 INFO  : microblaze_0 Processor is in use. Please stop existing Run or Debug sessions before launching.
14:15:41 INFO  : Processor reset is completed for microblaze_0
14:15:41 ERROR : No such port: COM3
14:17:20 INFO  : microblaze_0 Processor is in use. Please stop existing Run or Debug sessions before launching.
14:17:21 INFO  : Processor reset is completed for microblaze_0
14:17:21 ERROR : No such port: COM3
14:17:26 INFO  : microblaze_0 Processor is in use. Please stop existing Run or Debug sessions before launching.
14:17:27 INFO  : Processor reset is completed for microblaze_0
14:17:27 ERROR : No such port: COM3
14:18:32 INFO  : microblaze_0 Processor is in use. Please stop existing Run or Debug sessions before launching.
14:18:33 INFO  : Processor reset is completed for microblaze_0
14:18:33 ERROR : No such port: COM3
14:18:36 INFO  : microblaze_0 Processor is in use. Please stop existing Run or Debug sessions before launching.
14:18:37 INFO  : Processor reset is completed for microblaze_0
14:18:37 ERROR : No such port: COM3
14:19:12 INFO  : microblaze_0 Processor is in use. Please stop existing Run or Debug sessions before launching.
14:19:13 INFO  : Processor reset is completed for microblaze_0
14:19:13 ERROR : No such port: COM3
14:19:17 INFO  : microblaze_0 Processor is in use. Please stop existing Run or Debug sessions before launching.
14:19:18 INFO  : Processor reset is completed for microblaze_0
14:19:18 ERROR : No such port: COM3
14:23:17 INFO  : Processor reset is completed for microblaze_0
14:23:17 ERROR : No such port: COM3
14:23:19 INFO  : microblaze_0 Processor is in use. Please stop existing Run or Debug sessions before launching.
14:23:21 INFO  : Processor reset is completed for microblaze_0
14:23:21 ERROR : No such port: COM3
14:26:10 INFO  : microblaze_0 Processor is in use. Please stop existing Run or Debug sessions before launching.
14:26:11 INFO  : Processor reset is completed for microblaze_0
14:26:11 ERROR : No such port: COM3
14:26:14 INFO  : microblaze_0 Processor is in use. Please stop existing Run or Debug sessions before launching.
14:26:16 INFO  : Processor reset is completed for microblaze_0
14:26:16 ERROR : No such port: COM3
14:27:51 INFO  : microblaze_0 Processor is in use. Please stop existing Run or Debug sessions before launching.
14:27:52 INFO  : Processor reset is completed for microblaze_0
14:27:52 ERROR : No such port: COM3
14:27:56 INFO  : microblaze_0 Processor is in use. Please stop existing Run or Debug sessions before launching.
14:27:57 INFO  : Processor reset is completed for microblaze_0
14:27:57 ERROR : No such port: COM3
14:29:24 INFO  : microblaze_0 Processor is in use. Please stop existing Run or Debug sessions before launching.
14:29:25 INFO  : Processor reset is completed for microblaze_0
14:29:25 ERROR : No such port: COM3
14:29:30 INFO  : microblaze_0 Processor is in use. Please stop existing Run or Debug sessions before launching.
14:29:31 INFO  : Processor reset is completed for microblaze_0
14:29:31 ERROR : No such port: COM3
15:10:17 INFO  : Processor reset is completed for microblaze_0
15:10:17 ERROR : No such port: COM3
15:15:05 INFO  : Processor reset is completed for microblaze_0
15:15:05 ERROR : No such port: COM3
15:45:58 ERROR : Unexpected error while parsing XMD response ￿: com.google.gson.JsonSyntaxException: com.google.gson.stream.MalformedJsonException: invalid number or unquoted string near 
18:56:21 INFO  : Launching XSDB server: xsdb -n -s /opt/Xilinx/SDK/2015.2/scripts/xsdb/xsdb/xsdb-server.tcl
18:56:22 INFO  : XSDB server has started successfully.
18:56:22 INFO  : Processing command line option -hwspec /home/s1678924/Desktop/software3/Assessment_2_Traffic_Light_Ad5.0/es3_hw_assmnt_2/es3_hw_assmnt_2.sdk/top.hdf.
18:56:23 INFO  : Checking for hwspec changes in the project top_hw_platform_5.
23:39:14 INFO  : Launching XSDB server: xsdb -n -s /opt/Xilinx/SDK/2015.2/scripts/xsdb/xsdb/xsdb-server.tcl
23:39:15 INFO  : XSDB server has started successfully.
23:39:15 INFO  : Processing command line option -hwspec /home/s1678924/Desktop/software3/Assessment_2_Traffic_Light_Ad5.0/es3_hw_assmnt_2/es3_hw_assmnt_2.sdk/top.hdf.
23:39:16 INFO  : Checking for hwspec changes in the project top_hw_platform_5.
23:39:36 INFO  : Processor reset is completed for microblaze_0
23:39:36 ERROR : No such port: COM3
23:39:43 INFO  : microblaze_0 Processor is in use. Please stop existing Run or Debug sessions before launching.
23:39:44 INFO  : Processor reset is completed for microblaze_0
23:39:44 ERROR : No such port: COM3
23:39:48 INFO  : microblaze_0 Processor is in use. Please stop existing Run or Debug sessions before launching.
23:39:51 INFO  : Processor reset is completed for microblaze_0
23:39:51 ERROR : No such port: COM3
01:22:14 ERROR : Unexpected error while parsing XMD response ￿: com.google.gson.JsonSyntaxException: com.google.gson.stream.MalformedJsonException: invalid number or unquoted string near 
14:13:28 INFO  : Launching XSDB server: xsdb -n -s /opt/Xilinx/SDK/2015.2/scripts/xsdb/xsdb/xsdb-server.tcl
14:13:32 INFO  : Processing command line option -hwspec /home/s1678924/Desktop/software3/Assessment_2_Traffic_Light_Ad5.0/es3_hw_assmnt_2/es3_hw_assmnt_2.sdk/top.hdf.
14:13:32 INFO  : XSDB server has started successfully.
14:13:34 INFO  : Checking for hwspec changes in the project top_hw_platform_5.
14:13:34 INFO  : SDK has detected change in the last modified timestamps for source hardware specification file Source:1480080228000,  Project:1479990816000
14:13:34 INFO  : The hardware specification for project 'top_hw_platform_5' is different from /home/s1678924/Desktop/software3/Assessment_2_Traffic_Light_Ad5.0/es3_hw_assmnt_2/es3_hw_assmnt_2.sdk/top.hdf.
14:13:34 INFO  : Copied contents of /home/s1678924/Desktop/software3/Assessment_2_Traffic_Light_Ad5.0/es3_hw_assmnt_2/es3_hw_assmnt_2.sdk/top.hdf into /top_hw_platform_5/system.hdf.
14:13:35 INFO  : Synchronizing projects in the workspace with the hardware platform specification changes.
14:13:35 INFO  : Clearing existing target manager status.
14:13:41 INFO  : Workspace synchronized with the new hardware specification file. Cleaning dependent projects...
14:13:41 WARN  : Linker script will not be updated automatically. Users need to update it manually.
14:17:46 INFO  : Connected to target on host '127.0.0.1' and port '3121'.
14:17:46 INFO  : 'targets -set -filter {jtag_cable_name =~ "Digilent Basys3 210183713476A" && level==0} -index 0' command is executed.
14:17:48 INFO  : FPGA configured successfully with bitstream "/home/s1678924/Desktop/software3/Assessment_2_Traffic_Light_Ad5.0/es3_hw_assmnt_2/es3_hw_assmnt_2.sdk/top_hw_platform_0/download.bit"
14:18:36 INFO  : Connected to target on host '127.0.0.1' and port '3121'.
14:18:36 INFO  : 'targets -set -filter {jtag_cable_name =~ "Digilent Basys3 210183713476A" && level==0} -index 0' command is executed.
14:18:37 INFO  : FPGA configured successfully with bitstream "/home/s1678924/Desktop/software3/Assessment_2_Traffic_Light_Ad5.0/es3_hw_assmnt_2/es3_hw_assmnt_2.sdk/top_hw_platform_1/download.bit"
14:18:49 INFO  : Processor reset is completed for microblaze_0
14:18:49 ERROR : No such port: COM3
14:19:06 INFO  : Connected to target on host '127.0.0.1' and port '3121'.
14:19:06 INFO  : 'targets -set -filter {jtag_cable_name =~ "Digilent Basys3 210183713476A" && level==0} -index 0' command is executed.
14:19:08 INFO  : FPGA configured successfully with bitstream "/home/s1678924/Desktop/software3/Assessment_2_Traffic_Light_Ad5.0/es3_hw_assmnt_2/es3_hw_assmnt_2.sdk/top_hw_platform_5/download.bit"
14:19:21 INFO  : microblaze_0 Processor is in use. Please stop existing Run or Debug sessions before launching.
14:19:22 INFO  : Processor reset is completed for microblaze_0
14:19:22 ERROR : No such port: COM3
14:37:04 INFO  : Connected to target on host '127.0.0.1' and port '3121'.
14:37:04 INFO  : 'targets -set -filter {jtag_cable_name =~ "Digilent Basys3 210183713476A" && level==0} -index 0' command is executed.
14:37:05 INFO  : FPGA configured successfully with bitstream "/home/s1678924/Desktop/software3/Assessment_2_Traffic_Light_Ad5.0/es3_hw_assmnt_2/es3_hw_assmnt_2.sdk/top_hw_platform_5/download.bit"
14:37:18 INFO  : Processor reset is completed for microblaze_0
14:37:18 ERROR : No such port: COM3
14:40:25 INFO  : Connected to target on host '127.0.0.1' and port '3121'.
14:40:25 INFO  : 'targets -set -filter {jtag_cable_name =~ "Digilent Basys3 210183713476A" && level==0} -index 0' command is executed.
14:40:27 INFO  : FPGA configured successfully with bitstream "/home/s1678924/Desktop/software3/Assessment_2_Traffic_Light_Ad5.0/es3_hw_assmnt_2/es3_hw_assmnt_2.sdk/top_hw_platform_4/download.bit"
14:41:18 INFO  : Processor reset is completed for microblaze_0
14:41:46 INFO  : Connected to target on host '127.0.0.1' and port '3121'.
14:41:46 INFO  : 'targets -set -filter {jtag_cable_name =~ "Digilent Basys3 210183713476A" && level==0} -index 0' command is executed.
14:41:47 INFO  : FPGA configured successfully with bitstream "/home/s1678924/Desktop/software3/Assessment_2_Traffic_Light_Ad5.0/es3_hw_assmnt_2/es3_hw_assmnt_2.sdk/top_hw_platform_5/download.bit"
14:42:16 INFO  : Connected to target on host '127.0.0.1' and port '3121'.
14:42:16 INFO  : 'targets -set -filter {jtag_cable_name =~ "Digilent Basys3 210183713476A" && level==0} -index 0' command is executed.
14:42:18 INFO  : FPGA configured successfully with bitstream "/home/s1678924/Desktop/software3/Assessment_2_Traffic_Light_Ad5.0/es3_hw_assmnt_2/es3_hw_assmnt_2.sdk/top_hw_platform_5/download.bit"
14:42:57 INFO  : Connected to target on host '127.0.0.1' and port '3121'.
14:42:57 INFO  : 'targets -set -filter {jtag_cable_name =~ "Digilent Basys3 210183713476A" && level==0} -index 0' command is executed.
14:42:59 INFO  : FPGA configured successfully with bitstream "/home/s1678924/Desktop/software3/Assessment_2_Traffic_Light_Ad5.0/es3_hw_assmnt_2/es3_hw_assmnt_2.sdk/top_hw_platform_5/download.bit"
14:43:18 INFO  : Processor reset is completed for microblaze_0
14:43:18 ERROR : Unexpected error while launching program.
java.lang.RuntimeException: Cannot perform the Debug Command, Current Processor State is "Running"

	at com.xilinx.sdk.targetmanager.internal.TM.downloadELF(TM.java:670)
	at com.xilinx.sdk.debug.core.internal.AppRunner.run(AppRunner.java:129)
	at com.xilinx.sdk.debug.core.XilinxAppLaunchConfigurationDelegate.runApplication(XilinxAppLaunchConfigurationDelegate.java:609)
	at com.xilinx.sdk.debug.core.XilinxAppLaunchConfigurationDelegate.launch(XilinxAppLaunchConfigurationDelegate.java:296)
	at com.xilinx.sdk.debug.ui.XilinxAppLaunchDelegateWrapper.launch(XilinxAppLaunchDelegateWrapper.java:31)
	at org.eclipse.debug.internal.core.LaunchConfiguration.launch(LaunchConfiguration.java:858)
	at org.eclipse.debug.internal.core.LaunchConfiguration.launch(LaunchConfiguration.java:707)
	at org.eclipse.debug.internal.ui.DebugUIPlugin.buildAndLaunch(DebugUIPlugin.java:1018)
	at org.eclipse.debug.internal.ui.DebugUIPlugin$8.run(DebugUIPlugin.java:1222)
	at org.eclipse.core.internal.jobs.Worker.run(Worker.java:53)
14:46:45 INFO  : Connected to target on host '127.0.0.1' and port '3121'.
14:46:46 INFO  : 'targets -set -filter {jtag_cable_name =~ "Digilent Basys3 210183713476A" && level==0} -index 0' command is executed.
14:46:47 INFO  : FPGA configured successfully with bitstream "/home/s1678924/Desktop/software3/Assessment_2_Traffic_Light_Ad5.0/es3_hw_assmnt_2/es3_hw_assmnt_2.sdk/top_hw_platform_5/download.bit"
14:47:01 ERROR : Unexpected error while parsing XMD response ￿: com.google.gson.JsonSyntaxException: com.google.gson.stream.MalformedJsonException: invalid number or unquoted string near 
14:47:15 INFO  : Launching XSDB server: xsdb -n -s /opt/Xilinx/SDK/2015.2/scripts/xsdb/xsdb/xsdb-server.tcl
14:47:15 INFO  : Processing command line option -hwspec /home/s1678924/Desktop/software3/Assessment_2_Traffic_Light_Ad5.0/es3_hw_assmnt_2/es3_hw_assmnt_2.sdk/top.hdf.
14:47:16 INFO  : Checking for hwspec changes in the project top_hw_platform_5.
14:47:16 INFO  : XSDB server has started successfully.
14:47:29 INFO  : Connected to target on host '127.0.0.1' and port '3121'.
14:47:29 INFO  : 'targets -set -filter {jtag_cable_name =~ "Digilent Basys3 210183713476A" && level==0} -index 0' command is executed.
14:47:30 INFO  : FPGA configured successfully with bitstream "/home/s1678924/Desktop/software3/Assessment_2_Traffic_Light_Ad5.0/es3_hw_assmnt_2/es3_hw_assmnt_2.sdk/top_hw_platform_5/download.bit"
14:48:52 INFO  : Processor reset is completed for microblaze_0
14:48:59 INFO  : microblaze_0 Processor is in use. Please stop existing Run or Debug sessions before launching.
14:49:00 INFO  : Processor reset is completed for microblaze_0
14:49:07 INFO  : microblaze_0 Processor is in use. Please stop existing Run or Debug sessions before launching.
14:49:08 INFO  : Processor reset is completed for microblaze_0
14:49:34 ERROR : Unexpected error while parsing XMD response ￿: com.google.gson.JsonSyntaxException: com.google.gson.stream.MalformedJsonException: invalid number or unquoted string near 
