#-----------------------------------------------------------
# Vivado v2015.2 (64-bit)
# SW Build 1266856 on Fri Jun 26 16:35:25 MDT 2015
# IP Build 1264090 on Wed Jun 24 14:22:01 MDT 2015
# Start of session at: Sun Nov 20 01:45:30 2016
# Process ID: 12032
# Log file: E:/software/Advanced/Assessment_2_Traffic_Light/es3_hw_assmnt_2/vivado.log
# Journal file: E:/software/Advanced/Assessment_2_Traffic_Light/es3_hw_assmnt_2\vivado.jou
#-----------------------------------------------------------
start_gui
open_project E:/software/Advanced/Assessment_2_Traffic_Light/es3_hw_assmnt_2/es3_hw_assmnt_2.xpr
Scanning sources...
Finished scanning sources
INFO: [IP_Flow 19-234] Refreshing IP repositories
INFO: [IP_Flow 19-1704] No user IP repositories specified
INFO: [IP_Flow 19-2313] Loaded Vivado IP repository 'D:/vivado/2015/Vivado/2015.2/data/ip'.
open_project: Time (s): cpu = 00:00:41 ; elapsed = 00:00:24 . Memory (MB): peak = 891.359 ; gain = 306.773
reset_run synth_1
launch_runs impl_1 -to_step write_bitstream
[Sun Nov 20 02:13:32 2016] Launched synth_1...
Run output will be captured here: E:/software/Advanced/Assessment_2_Traffic_Light/es3_hw_assmnt_2/es3_hw_assmnt_2.runs/synth_1/runme.log
[Sun Nov 20 02:13:32 2016] Launched impl_1...
Run output will be captured here: E:/software/Advanced/Assessment_2_Traffic_Light/es3_hw_assmnt_2/es3_hw_assmnt_2.runs/impl_1/runme.log
exit
INFO: [Common 17-206] Exiting Vivado at Sun Nov 20 18:46:16 2016...
